2025-02-28 00:09:01 [main] INFO  api.test.UserTests - -------------Create User--------------------
2025-02-28 00:09:03 [main] INFO  api.test.UserTests - -------------Read User--------------------
2025-02-28 00:09:10 [main] INFO  api.test.UserTests - -------------Update User--------------------
2025-02-28 00:09:16 [main] INFO  api.test.UserTests - -------------Delete User--------------------
2025-03-01 10:12:04 [main] INFO  api.test.UserTests2UsingProperties - -------------Create User--------------------
2025-03-01 10:12:06 [main] INFO  api.test.UserTests2UsingProperties - -------------Read User--------------------
2025-03-01 10:12:10 [main] INFO  api.test.UserTests2UsingProperties - -------------Update User--------------------
2025-03-01 10:12:15 [main] INFO  api.test.UserTests2UsingProperties - -------------Delete User--------------------
2025-03-01 10:31:04 [main] INFO  api.test.UserTests2UsingProperties - -------------Create User--------------------
2025-03-01 10:31:06 [main] INFO  api.test.UserTests2UsingProperties - -------------Read User--------------------
2025-03-01 10:31:07 [main] INFO  api.test.UserTests2UsingProperties - -------------Update User--------------------
2025-03-01 10:31:10 [main] INFO  api.test.UserTests2UsingProperties - -------------Delete User--------------------
2025-03-01 10:32:04 [main] INFO  api.test.UserTests - -------------Create User--------------------
2025-03-01 10:32:06 [main] INFO  api.test.UserTests - -------------Read User--------------------
2025-03-01 10:32:10 [main] INFO  api.test.UserTests - -------------Update User--------------------
2025-03-01 10:32:13 [main] INFO  api.test.UserTests - -------------Delete User--------------------
2025-03-01 10:39:41 [main] INFO  api.test.UserTests - -------------Create User--------------------
2025-03-01 10:39:42 [main] INFO  api.test.UserTests - -------------Read User--------------------
2025-03-01 10:39:43 [main] INFO  api.test.UserTests - -------------Update User--------------------
2025-03-01 10:39:53 [main] INFO  api.test.UserTests - -------------Delete User--------------------
2025-03-01 10:40:41 [main] INFO  api.test.UserTests - -------------Create User--------------------
2025-03-01 10:40:43 [main] INFO  api.test.UserTests - -------------Read User--------------------
2025-03-01 10:40:44 [main] INFO  api.test.UserTests - -------------Update User--------------------
2025-03-01 10:40:46 [main] INFO  api.test.UserTests - -------------Delete User--------------------
2025-03-01 10:41:17 [main] INFO  api.test.UserTests - -------------Create User--------------------
2025-03-01 10:41:19 [main] INFO  api.test.UserTests - -------------Read User--------------------
2025-03-01 10:41:23 [main] INFO  api.test.UserTests - -------------Update User--------------------
2025-03-01 10:41:25 [main] INFO  api.test.UserTests - -------------Delete User--------------------
2025-03-01 10:41:53 [main] INFO  api.test.UserTests - -------------Create User--------------------
2025-03-01 10:41:55 [main] INFO  api.test.UserTests - -------------Read User--------------------
2025-03-01 10:42:00 [main] INFO  api.test.UserTests - -------------Update User--------------------
2025-03-01 10:42:05 [main] INFO  api.test.UserTests - -------------Delete User--------------------
2025-03-01 10:44:07 [main] INFO  api.test.UserTests - -------------Create User--------------------
2025-03-01 10:44:08 [main] INFO  api.test.UserTests - -------------Read User--------------------
2025-03-01 10:44:13 [main] INFO  api.test.UserTests - -------------Update User--------------------
2025-03-01 10:44:15 [main] INFO  api.test.UserTests - -------------Delete User--------------------
2025-03-01 10:44:16 [main] INFO  api.test.UserTests - -------------Deleting User Completed--------------------
2025-03-01 10:44:50 [main] INFO  api.test.UserTests - -------------Create User--------------------
2025-03-01 10:44:52 [main] INFO  api.test.UserTests - -------------Read User--------------------
2025-03-01 10:44:56 [main] INFO  api.test.UserTests - -------------Update User--------------------
2025-03-01 10:44:58 [main] INFO  api.test.UserTests - -------------Delete User--------------------
2025-03-01 10:44:59 [main] INFO  api.test.UserTests - -------------Deleting User Completed--------------------
2025-03-01 10:46:47 [main] INFO  api.test.UserTests - -------------Create User--------------------
2025-03-01 10:46:49 [main] INFO  api.test.UserTests - -------------Read User--------------------
2025-03-01 10:46:50 [main] INFO  api.test.UserTests - -------------Update User--------------------
2025-03-01 10:46:53 [main] INFO  api.test.UserTests - -------------Delete User--------------------
2025-03-01 10:46:54 [main] INFO  api.test.UserTests - -------------Deleting User Completed--------------------
2025-03-01 10:46:54 [main] INFO  api.test.DataDrivenTest - -------------Create User using Excel --------------------
2025-03-01 10:46:55 [main] INFO  api.test.DataDrivenTest - -------------Create User using Excel --------------------
2025-03-01 10:46:57 [main] INFO  api.test.DataDrivenTest - -------------Create User using Excel --------------------
2025-03-01 10:46:58 [main] INFO  api.test.DataDrivenTest - -------------Delete User using Excel --------------------
2025-03-01 10:46:59 [main] INFO  api.test.DataDrivenTest - -------------Delete User using Excel --------------------
2025-03-01 10:47:00 [main] INFO  api.test.DataDrivenTest - -------------Delete User using Excel --------------------
2025-03-01 10:48:39 [main] INFO  api.test.DataDrivenTest - -------------Create User using Excel --------------------
2025-03-01 10:48:41 [main] INFO  api.test.DataDrivenTest - -------------Create User using Excel --------------------
2025-03-01 10:48:42 [main] INFO  api.test.DataDrivenTest - -------------Create User using Excel --------------------
2025-03-01 10:48:44 [main] INFO  api.test.DataDrivenTest - -------------Delete User using Excel --------------------
2025-03-01 10:48:45 [main] INFO  api.test.DataDrivenTest - -------------Delete User using Excel --------------------
2025-03-01 10:48:47 [main] INFO  api.test.DataDrivenTest - -------------Delete User using Excel --------------------
2025-03-01 10:49:01 [main] INFO  api.test.UserTests - -------------Create User--------------------
2025-03-01 10:49:02 [main] INFO  api.test.UserTests - -------------Read User--------------------
2025-03-01 10:49:03 [main] INFO  api.test.UserTests - -------------Update User--------------------
2025-03-01 10:49:16 [main] INFO  api.test.UserTests - -------------Delete User--------------------
2025-03-01 10:49:17 [main] INFO  api.test.UserTests - -------------Deleting User Completed--------------------
2025-03-01 10:49:18 [main] INFO  api.test.DataDrivenTest - -------------Create User using Excel --------------------
2025-03-01 10:49:19 [main] INFO  api.test.DataDrivenTest - -------------Create User using Excel --------------------
2025-03-01 10:49:20 [main] INFO  api.test.DataDrivenTest - -------------Create User using Excel --------------------
2025-03-01 10:49:22 [main] INFO  api.test.DataDrivenTest - -------------Delete User using Excel --------------------
2025-03-01 10:49:23 [main] INFO  api.test.DataDrivenTest - -------------Delete User using Excel --------------------
2025-03-01 10:49:28 [main] INFO  api.test.DataDrivenTest - -------------Delete User using Excel --------------------
2025-03-01 10:50:15 [main] INFO  api.test.DataDrivenTest - -------------Create User using Excel --------------------
2025-03-01 10:50:17 [main] INFO  api.test.DataDrivenTest - -------------Create User using Excel --------------------
2025-03-01 10:50:18 [main] INFO  api.test.DataDrivenTest - -------------Create User using Excel --------------------
2025-03-01 10:50:20 [main] INFO  api.test.DataDrivenTest - -------------Delete User using Excel --------------------
2025-03-01 10:50:21 [main] INFO  api.test.DataDrivenTest - -------------Delete User using Excel --------------------
2025-03-01 10:50:26 [main] INFO  api.test.DataDrivenTest - -------------Delete User using Excel --------------------
2025-03-01 10:50:27 [main] INFO  api.test.UserTests - -------------Create User--------------------
2025-03-01 10:50:28 [main] INFO  api.test.UserTests - -------------Read User--------------------
2025-03-01 10:50:34 [main] INFO  api.test.UserTests - -------------Update User--------------------
2025-03-01 10:50:36 [main] INFO  api.test.UserTests - -------------Delete User--------------------
2025-03-01 10:50:38 [main] INFO  api.test.UserTests - -------------Deleting User Completed--------------------
2025-03-01 10:51:26 [main] INFO  api.test.UserTests - -------------Create User--------------------
2025-03-01 10:51:28 [main] INFO  api.test.UserTests - -------------Read User--------------------
2025-03-01 10:51:30 [main] INFO  api.test.UserTests - -------------Update User--------------------
2025-03-01 10:51:32 [main] INFO  api.test.UserTests - -------------Delete User--------------------
2025-03-01 10:51:33 [main] INFO  api.test.UserTests - -------------Deleting User Completed--------------------
2025-03-01 10:51:33 [main] INFO  api.test.DataDrivenTest - -------------Create User using Excel --------------------
2025-03-01 10:51:34 [main] INFO  api.test.DataDrivenTest - -------------Create User using Excel --------------------
2025-03-01 10:51:35 [main] INFO  api.test.DataDrivenTest - -------------Create User using Excel --------------------
2025-03-01 10:51:37 [main] INFO  api.test.DataDrivenTest - -------------Delete User using Excel --------------------
2025-03-01 10:51:38 [main] INFO  api.test.DataDrivenTest - -------------Delete User using Excel --------------------
2025-03-01 10:51:39 [main] INFO  api.test.DataDrivenTest - -------------Delete User using Excel --------------------
2025-03-01 10:54:28 [main] INFO  api.test.UserTests - -------------Create User--------------------
2025-03-01 10:54:29 [main] INFO  api.test.UserTests - -------------Read User--------------------
2025-03-01 10:54:31 [main] INFO  api.test.UserTests - -------------Update User--------------------
2025-03-01 10:54:37 [main] INFO  api.test.UserTests - -------------Delete User--------------------
2025-03-01 10:54:38 [main] INFO  api.test.UserTests - -------------Deleting User Completed--------------------
2025-03-01 11:07:03 [main] INFO  api.test.UserTests - -------------Create User--------------------
2025-03-01 11:07:05 [main] INFO  api.test.UserTests - -------------Read User--------------------
2025-03-01 11:07:06 [main] INFO  api.test.UserTests - -------------Update User--------------------
2025-03-01 11:07:08 [main] INFO  api.test.UserTests - -------------Delete User--------------------
2025-03-01 11:07:09 [main] INFO  api.test.UserTests - -------------Deleting User Completed--------------------
2025-03-01 11:07:10 [main] INFO  api.test.DataDrivenTest - -------------Create User using Excel --------------------
2025-03-01 11:07:11 [main] INFO  api.test.DataDrivenTest - -------------Create User using Excel --------------------
2025-03-01 11:07:12 [main] INFO  api.test.DataDrivenTest - -------------Create User using Excel --------------------
2025-03-01 11:07:14 [main] INFO  api.test.DataDrivenTest - -------------Delete User using Excel --------------------
2025-03-01 11:07:15 [main] INFO  api.test.DataDrivenTest - -------------Delete User using Excel --------------------
2025-03-01 11:07:16 [main] INFO  api.test.DataDrivenTest - -------------Delete User using Excel --------------------
2025-03-01 11:09:41 [main] INFO  api.test.UserTests - -------------Create User--------------------
2025-03-01 11:09:42 [main] INFO  api.test.UserTests - -------------Read User--------------------
2025-03-01 11:09:47 [main] INFO  api.test.UserTests - -------------Update User--------------------
2025-03-01 11:10:03 [main] INFO  api.test.UserTests - -------------Delete User--------------------
2025-03-01 11:10:04 [main] INFO  api.test.UserTests - -------------Deleting User Completed--------------------
2025-03-01 11:10:04 [main] INFO  api.test.DataDrivenTest - -------------Create User using Excel --------------------
2025-03-01 11:10:05 [main] INFO  api.test.DataDrivenTest - -------------Create User using Excel --------------------
2025-03-01 11:10:07 [main] INFO  api.test.DataDrivenTest - -------------Create User using Excel --------------------
2025-03-01 11:10:08 [main] INFO  api.test.DataDrivenTest - -------------Delete User using Excel --------------------
2025-03-01 11:10:12 [main] INFO  api.test.DataDrivenTest - -------------Delete User using Excel --------------------
2025-03-01 11:10:14 [main] INFO  api.test.DataDrivenTest - -------------Delete User using Excel --------------------
